This file contains any messages produced by compilers while
running configure, to aid debugging if configure makes a mistake.

It was created by ICU configure 64.2, which was
generated by GNU Autoconf 2.69.  Invocation command line was

  $ ./configure --enable-static --enable-shared --prefix=/home/auxten/libicu/icu/source/../libicu

## --------- ##
## Platform. ##
## --------- ##

hostname = Maxim
uname -m = x86_64
uname -r = 4.15.0-34-generic
uname -s = Linux
uname -v = #37-Ubuntu SMP Mon Aug 27 15:21:48 UTC 2018

/usr/bin/uname -p = unknown
/bin/uname -X     = unknown

/bin/arch              = unknown
/usr/bin/arch -k       = unknown
/usr/convex/getsysinfo = unknown
/usr/bin/hostinfo      = unknown
/bin/machine           = unknown
/usr/bin/oslevel       = unknown
/bin/universe          = unknown

PATH: /home/auxten/.gvm/pkgsets/go1.11/global/bin
PATH: /home/auxten/.gvm/gos/go1.11/bin
PATH: /home/auxten/.gvm/pkgsets/go1.11/global/overlay/bin
PATH: /home/auxten/.gvm/bin
PATH: /home/auxten/.gvm/bin
PATH: /home/auxten/Codes/go/bin/
PATH: /home/auxten/.zplug/bin
PATH: /usr/local/sbin
PATH: /usr/local/bin
PATH: /usr/sbin
PATH: /usr/bin
PATH: /sbin
PATH: /bin
PATH: /usr/games
PATH: /usr/local/games


## ----------- ##
## Core tests. ##
## ----------- ##

configure:2634: checking for ICU version numbers
configure:2667: result: release 64.2, library 64.2, unicode version 12.1
configure:2706: checking build system type
configure:2720: result: x86_64-pc-linux-gnu
configure:2740: checking host system type
configure:2753: result: x86_64-pc-linux-gnu
configure:2811: checking whether to build debug libraries
configure:2823: result: no
configure:2828: checking whether to build release libraries
configure:2840: result: yes
configure:2903: checking for clang
configure:2919: found /usr/bin/clang
configure:2930: result: clang
configure:2961: checking for C compiler version
configure:2970: clang --version >&5
clang version 6.0.0-1ubuntu2 (tags/RELEASE_600/final)
Target: x86_64-pc-linux-gnu
Thread model: posix
InstalledDir: /usr/bin
configure:2981: $? = 0
configure:2970: clang -v >&5
clang version 6.0.0-1ubuntu2 (tags/RELEASE_600/final)
Target: x86_64-pc-linux-gnu
Thread model: posix
InstalledDir: /usr/bin
Found candidate GCC installation: /usr/bin/../lib/gcc/x86_64-linux-gnu/7
Found candidate GCC installation: /usr/bin/../lib/gcc/x86_64-linux-gnu/7.4.0
Found candidate GCC installation: /usr/bin/../lib/gcc/x86_64-linux-gnu/8
Found candidate GCC installation: /usr/bin/../lib/gcc/x86_64-linux-gnu/8.0.1
Found candidate GCC installation: /usr/lib/gcc/x86_64-linux-gnu/7
Found candidate GCC installation: /usr/lib/gcc/x86_64-linux-gnu/7.4.0
... rest of stderr output deleted ...
configure:2981: $? = 0
configure:2970: clang -V >&5
clang: error: argument to '-V' is missing (expected 1 value)
clang: error: no input files
configure:2981: $? = 1
configure:2970: clang -qversion >&5
clang: error: unknown argument: '-qversion'
clang: error: no input files
configure:2981: $? = 1
configure:3001: checking whether the C compiler works
configure:3023: clang -O3 -fPIC   conftest.c  >&5
configure:3027: $? = 0
configure:3075: result: yes
configure:3078: checking for C compiler default output file name
configure:3080: result: a.out
configure:3086: checking for suffix of executables
configure:3093: clang -o conftest -O3 -fPIC   conftest.c  >&5
configure:3097: $? = 0
configure:3119: result: 
configure:3141: checking whether we are cross compiling
configure:3149: clang -o conftest -O3 -fPIC   conftest.c  >&5
configure:3153: $? = 0
configure:3160: ./conftest
configure:3164: $? = 0
configure:3179: result: no
configure:3184: checking for suffix of object files
configure:3206: clang -c -O3 -fPIC  conftest.c >&5
configure:3210: $? = 0
configure:3231: result: o
configure:3235: checking whether we are using the GNU C compiler
configure:3254: clang -c -O3 -fPIC  conftest.c >&5
configure:3254: $? = 0
configure:3263: result: yes
configure:3272: checking whether clang accepts -g
configure:3292: clang -c -g  conftest.c >&5
configure:3292: $? = 0
configure:3333: result: yes
configure:3350: checking for clang option to accept ISO C89
configure:3413: clang  -c -O3 -fPIC  conftest.c >&5
configure:3413: $? = 0
configure:3426: result: none needed
configure:3506: checking for clang++
configure:3522: found /usr/bin/clang++
configure:3533: result: clang++
configure:3560: checking for C++ compiler version
configure:3569: clang++ --version >&5
clang version 6.0.0-1ubuntu2 (tags/RELEASE_600/final)
Target: x86_64-pc-linux-gnu
Thread model: posix
InstalledDir: /usr/bin
configure:3580: $? = 0
configure:3569: clang++ -v >&5
clang version 6.0.0-1ubuntu2 (tags/RELEASE_600/final)
Target: x86_64-pc-linux-gnu
Thread model: posix
InstalledDir: /usr/bin
Found candidate GCC installation: /usr/bin/../lib/gcc/x86_64-linux-gnu/7
Found candidate GCC installation: /usr/bin/../lib/gcc/x86_64-linux-gnu/7.4.0
Found candidate GCC installation: /usr/bin/../lib/gcc/x86_64-linux-gnu/8
Found candidate GCC installation: /usr/bin/../lib/gcc/x86_64-linux-gnu/8.0.1
Found candidate GCC installation: /usr/lib/gcc/x86_64-linux-gnu/7
Found candidate GCC installation: /usr/lib/gcc/x86_64-linux-gnu/7.4.0
... rest of stderr output deleted ...
configure:3580: $? = 0
configure:3569: clang++ -V >&5
clang: error: argument to '-V' is missing (expected 1 value)
clang: error: no input files
configure:3580: $? = 1
configure:3569: clang++ -qversion >&5
clang: error: unknown argument: '-qversion'
clang: error: no input files
configure:3580: $? = 1
configure:3584: checking whether we are using the GNU C++ compiler
configure:3603: clang++ -c -O3 -fPIC  conftest.cpp >&5
configure:3603: $? = 0
configure:3612: result: yes
configure:3621: checking whether clang++ accepts -g
configure:3641: clang++ -c -g  conftest.cpp >&5
configure:3641: $? = 0
configure:3682: result: yes
configure:3761: checking for pkg-config
configure:3779: found /usr/bin/pkg-config
configure:3791: result: /usr/bin/pkg-config
configure:3816: checking pkg-config is at least version 0.20
configure:3819: result: yes
configure:3829: checking for ICULEHB
configure:3836: $PKG_CONFIG --exists --print-errors "icu-le-hb"
configure:3839: $? = 0
configure:3853: $PKG_CONFIG --exists --print-errors "icu-le-hb"
configure:3856: $? = 0
configure:3894: result: yes
configure:3925: checking how to run the C preprocessor
configure:3956: clang -E  conftest.c
configure:3956: $? = 0
configure:3970: clang -E  conftest.c
conftest.c:9:10: fatal error: 'ac_nonexistent.h' file not found
#include <ac_nonexistent.h>
         ^~~~~~~~~~~~~~~~~~
1 error generated.
configure:3970: $? = 1
configure: failed program was:
| /* confdefs.h */
| #define PACKAGE_NAME "ICU"
| #define PACKAGE_TARNAME "International Components for Unicode"
| #define PACKAGE_VERSION "64.2"
| #define PACKAGE_STRING "ICU 64.2"
| #define PACKAGE_BUGREPORT "http://icu-project.org/bugs"
| #define PACKAGE_URL "http://icu-project.org"
| /* end confdefs.h.  */
| #include <ac_nonexistent.h>
configure:3995: result: clang -E
configure:4015: clang -E  conftest.c
configure:4015: $? = 0
configure:4029: clang -E  conftest.c
conftest.c:9:10: fatal error: 'ac_nonexistent.h' file not found
#include <ac_nonexistent.h>
         ^~~~~~~~~~~~~~~~~~
1 error generated.
configure:4029: $? = 1
configure: failed program was:
| /* confdefs.h */
| #define PACKAGE_NAME "ICU"
| #define PACKAGE_TARNAME "International Components for Unicode"
| #define PACKAGE_VERSION "64.2"
| #define PACKAGE_STRING "ICU 64.2"
| #define PACKAGE_BUGREPORT "http://icu-project.org/bugs"
| #define PACKAGE_URL "http://icu-project.org"
| /* end confdefs.h.  */
| #include <ac_nonexistent.h>
configure:4072: checking for a BSD-compatible install
configure:4140: result: /usr/bin/install -c
configure:4172: clang++ -o conftest -O3 -fPIC   conftest.cpp  >&5
configure:4172: $? = 0
configure:4200: checking for python3
configure:4216: found /usr/bin/python3
configure:4227: result: python3
configure:4245: checking for gmake
configure:4278: result: no
configure:4245: checking for gnumake
configure:4278: result: no
configure:4320: checking for doxygen
configure:4339: found /usr/bin/doxygen
configure:4351: result: /usr/bin/doxygen
configure:4374: checking checking for executable suffix
configure:4381: result: 
configure:4387: checking whether strict compiling is on
configure:4403: result: yes
configure:4453: checking for grep that handles long lines and -e
configure:4511: result: /bin/grep
configure:4516: checking for egrep
configure:4578: result: /bin/grep -E
configure:4583: checking for ANSI C header files
configure:4603: clang -c -O3 -fPIC -std=c11 -Wall -pedantic -Wshadow -Wpointer-arith -Wmissing-prototypes -Wwrite-strings  conftest.c >&5
configure:4603: $? = 0
configure:4676: clang -o conftest -O3 -fPIC -std=c11 -Wall -pedantic -Wshadow -Wpointer-arith -Wmissing-prototypes -Wwrite-strings   conftest.c  >&5
configure:4676: $? = 0
configure:4676: ./conftest
configure:4676: $? = 0
configure:4687: result: yes
configure:4700: checking for sys/types.h
configure:4700: clang -c -O3 -fPIC -std=c11 -Wall -pedantic -Wshadow -Wpointer-arith -Wmissing-prototypes -Wwrite-strings  conftest.c >&5
configure:4700: $? = 0
configure:4700: result: yes
configure:4700: checking for sys/stat.h
configure:4700: clang -c -O3 -fPIC -std=c11 -Wall -pedantic -Wshadow -Wpointer-arith -Wmissing-prototypes -Wwrite-strings  conftest.c >&5
configure:4700: $? = 0
configure:4700: result: yes
configure:4700: checking for stdlib.h
configure:4700: clang -c -O3 -fPIC -std=c11 -Wall -pedantic -Wshadow -Wpointer-arith -Wmissing-prototypes -Wwrite-strings  conftest.c >&5
configure:4700: $? = 0
configure:4700: result: yes
configure:4700: checking for string.h
configure:4700: clang -c -O3 -fPIC -std=c11 -Wall -pedantic -Wshadow -Wpointer-arith -Wmissing-prototypes -Wwrite-strings  conftest.c >&5
configure:4700: $? = 0
configure:4700: result: yes
configure:4700: checking for memory.h
configure:4700: clang -c -O3 -fPIC -std=c11 -Wall -pedantic -Wshadow -Wpointer-arith -Wmissing-prototypes -Wwrite-strings  conftest.c >&5
configure:4700: $? = 0
configure:4700: result: yes
configure:4700: checking for strings.h
configure:4700: clang -c -O3 -fPIC -std=c11 -Wall -pedantic -Wshadow -Wpointer-arith -Wmissing-prototypes -Wwrite-strings  conftest.c >&5
configure:4700: $? = 0
configure:4700: result: yes
configure:4700: checking for inttypes.h
configure:4700: clang -c -O3 -fPIC -std=c11 -Wall -pedantic -Wshadow -Wpointer-arith -Wmissing-prototypes -Wwrite-strings  conftest.c >&5
configure:4700: $? = 0
configure:4700: result: yes
configure:4700: checking for stdint.h
configure:4700: clang -c -O3 -fPIC -std=c11 -Wall -pedantic -Wshadow -Wpointer-arith -Wmissing-prototypes -Wwrite-strings  conftest.c >&5
configure:4700: $? = 0
configure:4700: result: yes
configure:4700: checking for unistd.h
configure:4700: clang -c -O3 -fPIC -std=c11 -Wall -pedantic -Wshadow -Wpointer-arith -Wmissing-prototypes -Wwrite-strings  conftest.c >&5
configure:4700: $? = 0
configure:4700: result: yes
configure:4749: checking size of void *
configure:4754: clang -o conftest -O3 -fPIC -std=c11 -Wall -pedantic -Wshadow -Wpointer-arith -Wmissing-prototypes -Wwrite-strings   conftest.c  >&5
configure:4754: $? = 0
configure:4754: ./conftest
configure:4754: $? = 0
configure:4768: result: 8
configure:4778: checking whether runnable 64 bit binaries are built by default
configure:4835: result: yes
configure:5179: checking which Makefile fragment to use for x86_64-pc-linux-gnu
configure:5275: result: mh-linux
configure:5324: checking for floor in -lm
configure:5349: clang -o conftest -O3 -fPIC -std=c11 -Wall -pedantic -Wshadow -Wpointer-arith -Wmissing-prototypes -Wwrite-strings   conftest.c -lm   >&5
conftest.c:27:6: warning: incompatible redeclaration of library function 'floor' [-Wincompatible-library-redeclaration]
char floor ();
     ^
conftest.c:27:6: note: 'floor' is a builtin with type 'double (double)'
1 warning generated.
configure:5349: $? = 0
configure:5358: result: yes
configure:5374: checking whether to build shared libraries
configure:5389: result: yes
configure:5394: checking whether to build static libraries
configure:5406: result: yes
configure:5462: checking whether to enable auto cleanup of libraries
configure:5477: result: no
configure:5516: checking whether to enable draft APIs
configure:5530: result: yes
configure:5581: checking for ranlib
configure:5597: found /usr/bin/ranlib
configure:5608: result: ranlib
configure:5632: checking for a sed that does not truncate output
configure:5696: result: /bin/sed
configure:5746: checking for ar
configure:5762: found /usr/bin/ar
configure:5773: result: ar
configure:5796: checking whether to enable renaming of symbols
configure:5811: result: yes
configure:5815: checking whether to enable function and data tracing
configure:5830: result: no
configure:5837: checking elf.h usability
configure:5837: clang -c -O3 -fPIC -std=c11 -Wall -pedantic -Wshadow -Wpointer-arith -Wmissing-prototypes -Wwrite-strings  conftest.c >&5
configure:5837: $? = 0
configure:5837: result: yes
configure:5837: checking elf.h presence
configure:5837: clang -E  conftest.c
configure:5837: $? = 0
configure:5837: result: yes
configure:5837: checking for elf.h
configure:5837: result: yes
configure:5880: checking whether to enable dynamic loading of plugins. Ignored if plugins disabled.
configure:5898: result: yes
configure:5905: checking dlfcn.h usability
configure:5905: clang -c -O3 -fPIC -std=c11 -Wall -pedantic -Wshadow -Wpointer-arith -Wmissing-prototypes -Wwrite-strings  conftest.c >&5
configure:5905: $? = 0
configure:5905: result: yes
configure:5905: checking dlfcn.h presence
configure:5905: clang -E  conftest.c
configure:5905: $? = 0
configure:5905: result: yes
configure:5905: checking for dlfcn.h
configure:5905: result: yes
configure:5916: checking for library containing dlopen
configure:5947: clang -o conftest -O3 -fPIC -std=c11 -Wall -pedantic -Wshadow -Wpointer-arith -Wmissing-prototypes -Wwrite-strings   conftest.c -lm  >&5
/tmp/conftest-68a134.o: In function `main':
conftest.c:(.text+0x4): undefined reference to `dlopen'
clang: error: linker command failed with exit code 1 (use -v to see invocation)
configure:5947: $? = 1
configure: failed program was:
| /* confdefs.h */
| #define PACKAGE_NAME "ICU"
| #define PACKAGE_TARNAME "International Components for Unicode"
| #define PACKAGE_VERSION "64.2"
| #define PACKAGE_STRING "ICU 64.2"
| #define PACKAGE_BUGREPORT "http://icu-project.org/bugs"
| #define PACKAGE_URL "http://icu-project.org"
| #define STDC_HEADERS 1
| #define HAVE_SYS_TYPES_H 1
| #define HAVE_SYS_STAT_H 1
| #define HAVE_STDLIB_H 1
| #define HAVE_STRING_H 1
| #define HAVE_MEMORY_H 1
| #define HAVE_STRINGS_H 1
| #define HAVE_INTTYPES_H 1
| #define HAVE_STDINT_H 1
| #define HAVE_UNISTD_H 1
| #define SIZEOF_VOID_P 8
| #define HAVE_LIBM 1
| #define HAVE_ELF_H 1
| #define HAVE_DLFCN_H 1
| /* end confdefs.h.  */
| 
| /* Override any GCC internal prototype to avoid an error.
|    Use char because int might match the return type of a GCC
|    builtin and then its argument prototype would still apply.  */
| #ifdef __cplusplus
| extern "C"
| #endif
| char dlopen ();
| int
| main ()
| {
| return dlopen ();
|   ;
|   return 0;
| }
configure:5947: clang -o conftest -O3 -fPIC -std=c11 -Wall -pedantic -Wshadow -Wpointer-arith -Wmissing-prototypes -Wwrite-strings   conftest.c -ldl  -lm  >&5
configure:5947: $? = 0
configure:5964: result: -ldl
configure:5974: checking for dlopen
configure:5974: clang -o conftest -O3 -fPIC -std=c11 -Wall -pedantic -Wshadow -Wpointer-arith -Wmissing-prototypes -Wwrite-strings   conftest.c -ldl -lm  >&5
configure:5974: $? = 0
configure:5974: result: yes
configure:5994: checking for gettimeofday
configure:5994: clang -o conftest -O3 -fPIC -std=c11 -Wall -pedantic -Wshadow -Wpointer-arith -Wmissing-prototypes -Wwrite-strings   conftest.c -ldl -lm  >&5
configure:5994: $? = 0
configure:5994: result: yes
configure:6028: checking if we have a C++ compiler
configure:6041: clang++ -c -O3 -fPIC -W -Wall -pedantic -Wpointer-arith -Wwrite-strings -Wno-long-long  conftest.cpp >&5
configure:6041: $? = 0
configure:6049: result: Good
configure:6063: checking if we have a C++11 compiler
configure:6076: clang++ -c -O3 -fPIC -W -Wall -pedantic -Wpointer-arith -Wwrite-strings -Wno-long-long -std=c++11  conftest.cpp >&5
configure:6076: $? = 0
configure:6082: result: yes
configure:6085: Adding CXXFLAGS option -std=c++11
configure:6115: checking for pthread_attr_init in -lpthread
configure:6140: clang -o conftest -O3 -fPIC -std=c11 -Wall -pedantic -Wshadow -Wpointer-arith -Wmissing-prototypes -Wwrite-strings   conftest.c -lpthread  -ldl -lm  >&5
configure:6140: $? = 0
configure:6149: result: yes
configure:6353: checking for mmap
configure:6372: clang -o conftest -O3 -fPIC -std=c11 -Wall -pedantic -Wshadow -Wpointer-arith -Wmissing-prototypes -Wwrite-strings   conftest.c -lpthread -ldl -lm  >&5
configure:6372: $? = 0
configure:6381: result: yes
configure:6391: checking for genccode assembly
configure:6428: result: -a gcc
configure:6434: checking for inttypes.h
configure:6434: result: yes
configure:6463: checking dirent.h usability
configure:6463: clang -c -O3 -fPIC -std=c11 -Wall -pedantic -Wshadow -Wpointer-arith -Wmissing-prototypes -Wwrite-strings  conftest.c >&5
configure:6463: $? = 0
configure:6463: result: yes
configure:6463: checking dirent.h presence
configure:6463: clang -E  conftest.c
configure:6463: $? = 0
configure:6463: result: yes
configure:6463: checking for dirent.h
configure:6463: result: yes
configure:6483: checking whether byte ordering is bigendian
configure:6498: clang -c -O3 -fPIC -std=c11 -Wall -pedantic -Wshadow -Wpointer-arith -Wmissing-prototypes -Wwrite-strings  conftest.c >&5
conftest.c:29:9: error: unknown type name 'not'
               not a universal capable compiler
               ^
conftest.c:29:14: error: expected ';' after top level declarator
               not a universal capable compiler
                    ^
                    ;
2 errors generated.
configure:6498: $? = 1
configure: failed program was:
| /* confdefs.h */
| #define PACKAGE_NAME "ICU"
| #define PACKAGE_TARNAME "International Components for Unicode"
| #define PACKAGE_VERSION "64.2"
| #define PACKAGE_STRING "ICU 64.2"
| #define PACKAGE_BUGREPORT "http://icu-project.org/bugs"
| #define PACKAGE_URL "http://icu-project.org"
| #define STDC_HEADERS 1
| #define HAVE_SYS_TYPES_H 1
| #define HAVE_SYS_STAT_H 1
| #define HAVE_STDLIB_H 1
| #define HAVE_STRING_H 1
| #define HAVE_MEMORY_H 1
| #define HAVE_STRINGS_H 1
| #define HAVE_INTTYPES_H 1
| #define HAVE_STDINT_H 1
| #define HAVE_UNISTD_H 1
| #define SIZEOF_VOID_P 8
| #define HAVE_LIBM 1
| #define HAVE_ELF_H 1
| #define HAVE_DLFCN_H 1
| #define HAVE_DLOPEN 1
| #define HAVE_GETTIMEOFDAY 1
| #define HAVE_LIBPTHREAD 1
| #define HAVE_INTTYPES_H 1
| #define HAVE_DIRENT_H 1
| /* end confdefs.h.  */
| #ifndef __APPLE_CC__
| 	       not a universal capable compiler
| 	     #endif
| 	     typedef int dummy;
| 
configure:6543: clang -c -O3 -fPIC -std=c11 -Wall -pedantic -Wshadow -Wpointer-arith -Wmissing-prototypes -Wwrite-strings  conftest.c >&5
conftest.c:35:8: error: use of undeclared identifier 'bogus'
              bogus endian macros
              ^
1 error generated.
configure:6543: $? = 1
configure: failed program was:
| /* confdefs.h */
| #define PACKAGE_NAME "ICU"
| #define PACKAGE_TARNAME "International Components for Unicode"
| #define PACKAGE_VERSION "64.2"
| #define PACKAGE_STRING "ICU 64.2"
| #define PACKAGE_BUGREPORT "http://icu-project.org/bugs"
| #define PACKAGE_URL "http://icu-project.org"
| #define STDC_HEADERS 1
| #define HAVE_SYS_TYPES_H 1
| #define HAVE_SYS_STAT_H 1
| #define HAVE_STDLIB_H 1
| #define HAVE_STRING_H 1
| #define HAVE_MEMORY_H 1
| #define HAVE_STRINGS_H 1
| #define HAVE_INTTYPES_H 1
| #define HAVE_STDINT_H 1
| #define HAVE_UNISTD_H 1
| #define SIZEOF_VOID_P 8
| #define HAVE_LIBM 1
| #define HAVE_ELF_H 1
| #define HAVE_DLFCN_H 1
| #define HAVE_DLOPEN 1
| #define HAVE_GETTIMEOFDAY 1
| #define HAVE_LIBPTHREAD 1
| #define HAVE_INTTYPES_H 1
| #define HAVE_DIRENT_H 1
| /* end confdefs.h.  */
| #include <sys/types.h>
| 	     #include <sys/param.h>
| 
| int
| main ()
| {
| #if ! (defined BYTE_ORDER && defined BIG_ENDIAN 		     && defined LITTLE_ENDIAN && BYTE_ORDER && BIG_ENDIAN 		     && LITTLE_ENDIAN)
| 	      bogus endian macros
| 	     #endif
| 
|   ;
|   return 0;
| }
configure:6587: clang -c -O3 -fPIC -std=c11 -Wall -pedantic -Wshadow -Wpointer-arith -Wmissing-prototypes -Wwrite-strings  conftest.c >&5
conftest.c:34:8: error: use of undeclared identifier 'bogus'
              bogus endian macros
              ^
1 error generated.
configure:6587: $? = 1
configure: failed program was:
| /* confdefs.h */
| #define PACKAGE_NAME "ICU"
| #define PACKAGE_TARNAME "International Components for Unicode"
| #define PACKAGE_VERSION "64.2"
| #define PACKAGE_STRING "ICU 64.2"
| #define PACKAGE_BUGREPORT "http://icu-project.org/bugs"
| #define PACKAGE_URL "http://icu-project.org"
| #define STDC_HEADERS 1
| #define HAVE_SYS_TYPES_H 1
| #define HAVE_SYS_STAT_H 1
| #define HAVE_STDLIB_H 1
| #define HAVE_STRING_H 1
| #define HAVE_MEMORY_H 1
| #define HAVE_STRINGS_H 1
| #define HAVE_INTTYPES_H 1
| #define HAVE_STDINT_H 1
| #define HAVE_UNISTD_H 1
| #define SIZEOF_VOID_P 8
| #define HAVE_LIBM 1
| #define HAVE_ELF_H 1
| #define HAVE_DLFCN_H 1
| #define HAVE_DLOPEN 1
| #define HAVE_GETTIMEOFDAY 1
| #define HAVE_LIBPTHREAD 1
| #define HAVE_INTTYPES_H 1
| #define HAVE_DIRENT_H 1
| /* end confdefs.h.  */
| #include <limits.h>
| 
| int
| main ()
| {
| #if ! (defined _LITTLE_ENDIAN || defined _BIG_ENDIAN)
| 	      bogus endian macros
| 	     #endif
| 
|   ;
|   return 0;
| }
configure:6678: clang -o conftest -O3 -fPIC -std=c11 -Wall -pedantic -Wshadow -Wpointer-arith -Wmissing-prototypes -Wwrite-strings   conftest.c -lpthread -ldl -lm  >&5
configure:6678: $? = 0
configure:6678: ./conftest
configure:6678: $? = 0
configure:6689: result: no
configure:6719: checking for nl_langinfo
configure:6719: clang -o conftest -O3 -fPIC -std=c11 -Wall -pedantic -Wshadow -Wpointer-arith -Wmissing-prototypes -Wwrite-strings   conftest.c -lpthread -ldl -lm  >&5
configure:6719: $? = 0
configure:6719: result: yes
configure:6727: checking for nl_langinfo's argument to obtain the codeset
configure:6745: clang -o conftest -O3 -fPIC -std=c11 -Wall -pedantic -Wshadow -Wpointer-arith -Wmissing-prototypes -Wwrite-strings   conftest.c -lpthread -ldl -lm  >&5
configure:6745: $? = 0
configure:6752: result: CODESET
configure:6776: checking for namespace support
configure:6795: clang++ -o conftest -O3 -fPIC -W -Wall -pedantic -Wpointer-arith -Wwrite-strings -Wno-long-long -std=c++11   conftest.cpp -lpthread -ldl -lm  >&5
configure:6795: $? = 0
configure:6804: result: yes
configure:6811: checking for properly overriding new and delete
configure:6837: clang++ -o conftest -O3 -fPIC -W -Wall -pedantic -Wpointer-arith -Wwrite-strings -Wno-long-long -std=c++11   conftest.cpp -lpthread -ldl -lm  >&5
configure:6837: $? = 0
configure:6846: result: yes
configure:6851: checking for placement new and delete
configure:6877: clang++ -o conftest -O3 -fPIC -W -Wall -pedantic -Wpointer-arith -Wwrite-strings -Wno-long-long -std=c++11   conftest.cpp -lpthread -ldl -lm  >&5
configure:6877: $? = 0
configure:6886: result: yes
configure:6906: checking for popen
configure:6906: clang -o conftest -O3 -fPIC -std=c11 -Wall -pedantic -Wshadow -Wpointer-arith -Wmissing-prototypes -Wwrite-strings   conftest.c -lpthread -ldl -lm  >&5
configure:6906: $? = 0
configure:6906: result: yes
configure:6920: checking for tzset
configure:6920: clang -o conftest -O3 -fPIC -std=c11 -Wall -pedantic -Wshadow -Wpointer-arith -Wmissing-prototypes -Wwrite-strings   conftest.c -lpthread -ldl -lm  >&5
configure:6920: $? = 0
configure:6920: result: yes
configure:6948: checking for tzname
configure:6971: clang -o conftest -O3 -fPIC -std=c11 -Wall -pedantic -Wshadow -Wpointer-arith -Wmissing-prototypes -Wwrite-strings   conftest.c -lpthread -ldl -lm  >&5
conftest.c:39:1: warning: ignoring return value of function declared with pure attribute [-Wunused-value]
atoi(*tzname);
^~~~ ~~~~~~~
1 warning generated.
configure:6971: $? = 0
configure:6979: result: yes
configure:7023: checking for timezone
configure:7043: clang -o conftest -O3 -fPIC -std=c11 -Wall -pedantic -Wshadow -Wpointer-arith -Wmissing-prototypes -Wwrite-strings   conftest.c -lpthread -ldl -lm  >&5
configure:7043: $? = 0
configure:7051: result: yes
configure:7125: checking for strtod_l
configure:7125: clang -o conftest -O3 -fPIC -std=c11 -Wall -pedantic -Wshadow -Wpointer-arith -Wmissing-prototypes -Wwrite-strings   conftest.c -lpthread -ldl -lm  >&5
configure:7125: $? = 0
configure:7125: result: yes
configure:7133: checking xlocale.h usability
configure:7133: clang -c -O3 -fPIC -std=c11 -Wall -pedantic -Wshadow -Wpointer-arith -Wmissing-prototypes -Wwrite-strings  conftest.c >&5
conftest.c:61:10: fatal error: 'xlocale.h' file not found
#include <xlocale.h>
         ^~~~~~~~~~~
1 error generated.
configure:7133: $? = 1
configure: failed program was:
| /* confdefs.h */
| #define PACKAGE_NAME "ICU"
| #define PACKAGE_TARNAME "International Components for Unicode"
| #define PACKAGE_VERSION "64.2"
| #define PACKAGE_STRING "ICU 64.2"
| #define PACKAGE_BUGREPORT "http://icu-project.org/bugs"
| #define PACKAGE_URL "http://icu-project.org"
| #define STDC_HEADERS 1
| #define HAVE_SYS_TYPES_H 1
| #define HAVE_SYS_STAT_H 1
| #define HAVE_STDLIB_H 1
| #define HAVE_STRING_H 1
| #define HAVE_MEMORY_H 1
| #define HAVE_STRINGS_H 1
| #define HAVE_INTTYPES_H 1
| #define HAVE_STDINT_H 1
| #define HAVE_UNISTD_H 1
| #define SIZEOF_VOID_P 8
| #define HAVE_LIBM 1
| #define HAVE_ELF_H 1
| #define HAVE_DLFCN_H 1
| #define HAVE_DLOPEN 1
| #define HAVE_GETTIMEOFDAY 1
| #define HAVE_LIBPTHREAD 1
| #define HAVE_INTTYPES_H 1
| #define HAVE_DIRENT_H 1
| /* end confdefs.h.  */
| #include <stdio.h>
| #ifdef HAVE_SYS_TYPES_H
| # include <sys/types.h>
| #endif
| #ifdef HAVE_SYS_STAT_H
| # include <sys/stat.h>
| #endif
| #ifdef STDC_HEADERS
| # include <stdlib.h>
| # include <stddef.h>
| #else
| # ifdef HAVE_STDLIB_H
| #  include <stdlib.h>
| # endif
| #endif
| #ifdef HAVE_STRING_H
| # if !defined STDC_HEADERS && defined HAVE_MEMORY_H
| #  include <memory.h>
| # endif
| # include <string.h>
| #endif
| #ifdef HAVE_STRINGS_H
| # include <strings.h>
| #endif
| #ifdef HAVE_INTTYPES_H
| # include <inttypes.h>
| #endif
| #ifdef HAVE_STDINT_H
| # include <stdint.h>
| #endif
| #ifdef HAVE_UNISTD_H
| # include <unistd.h>
| #endif
| #include <xlocale.h>
configure:7133: result: no
configure:7133: checking xlocale.h presence
configure:7133: clang -E  conftest.c
conftest.c:28:10: fatal error: 'xlocale.h' file not found
#include <xlocale.h>
         ^~~~~~~~~~~
1 error generated.
configure:7133: $? = 1
configure: failed program was:
| /* confdefs.h */
| #define PACKAGE_NAME "ICU"
| #define PACKAGE_TARNAME "International Components for Unicode"
| #define PACKAGE_VERSION "64.2"
| #define PACKAGE_STRING "ICU 64.2"
| #define PACKAGE_BUGREPORT "http://icu-project.org/bugs"
| #define PACKAGE_URL "http://icu-project.org"
| #define STDC_HEADERS 1
| #define HAVE_SYS_TYPES_H 1
| #define HAVE_SYS_STAT_H 1
| #define HAVE_STDLIB_H 1
| #define HAVE_STRING_H 1
| #define HAVE_MEMORY_H 1
| #define HAVE_STRINGS_H 1
| #define HAVE_INTTYPES_H 1
| #define HAVE_STDINT_H 1
| #define HAVE_UNISTD_H 1
| #define SIZEOF_VOID_P 8
| #define HAVE_LIBM 1
| #define HAVE_ELF_H 1
| #define HAVE_DLFCN_H 1
| #define HAVE_DLOPEN 1
| #define HAVE_GETTIMEOFDAY 1
| #define HAVE_LIBPTHREAD 1
| #define HAVE_INTTYPES_H 1
| #define HAVE_DIRENT_H 1
| /* end confdefs.h.  */
| #include <xlocale.h>
configure:7133: result: no
configure:7133: checking for xlocale.h
configure:7133: result: no
configure:7153: checking for int8_t
configure:7153: clang -c -O3 -fPIC -std=c11 -Wall -pedantic -Wshadow -Wpointer-arith -Wmissing-prototypes -Wwrite-strings  conftest.c >&5
configure:7153: $? = 0
configure:7153: clang -c -O3 -fPIC -std=c11 -Wall -pedantic -Wshadow -Wpointer-arith -Wmissing-prototypes -Wwrite-strings  conftest.c >&5
conftest.c:64:21: error: expected expression
if (sizeof ((int8_t)))
                    ^
1 error generated.
configure:7153: $? = 1
configure: failed program was:
| /* confdefs.h */
| #define PACKAGE_NAME "ICU"
| #define PACKAGE_TARNAME "International Components for Unicode"
| #define PACKAGE_VERSION "64.2"
| #define PACKAGE_STRING "ICU 64.2"
| #define PACKAGE_BUGREPORT "http://icu-project.org/bugs"
| #define PACKAGE_URL "http://icu-project.org"
| #define STDC_HEADERS 1
| #define HAVE_SYS_TYPES_H 1
| #define HAVE_SYS_STAT_H 1
| #define HAVE_STDLIB_H 1
| #define HAVE_STRING_H 1
| #define HAVE_MEMORY_H 1
| #define HAVE_STRINGS_H 1
| #define HAVE_INTTYPES_H 1
| #define HAVE_STDINT_H 1
| #define HAVE_UNISTD_H 1
| #define SIZEOF_VOID_P 8
| #define HAVE_LIBM 1
| #define HAVE_ELF_H 1
| #define HAVE_DLFCN_H 1
| #define HAVE_DLOPEN 1
| #define HAVE_GETTIMEOFDAY 1
| #define HAVE_LIBPTHREAD 1
| #define HAVE_INTTYPES_H 1
| #define HAVE_DIRENT_H 1
| /* end confdefs.h.  */
| #include <stdio.h>
| #ifdef HAVE_SYS_TYPES_H
| # include <sys/types.h>
| #endif
| #ifdef HAVE_SYS_STAT_H
| # include <sys/stat.h>
| #endif
| #ifdef STDC_HEADERS
| # include <stdlib.h>
| # include <stddef.h>
| #else
| # ifdef HAVE_STDLIB_H
| #  include <stdlib.h>
| # endif
| #endif
| #ifdef HAVE_STRING_H
| # if !defined STDC_HEADERS && defined HAVE_MEMORY_H
| #  include <memory.h>
| # endif
| # include <string.h>
| #endif
| #ifdef HAVE_STRINGS_H
| # include <strings.h>
| #endif
| #ifdef HAVE_INTTYPES_H
| # include <inttypes.h>
| #endif
| #ifdef HAVE_STDINT_H
| # include <stdint.h>
| #endif
| #ifdef HAVE_UNISTD_H
| # include <unistd.h>
| #endif
| int
| main ()
| {
| if (sizeof ((int8_t)))
| 	    return 0;
|   ;
|   return 0;
| }
configure:7153: result: yes
configure:7164: checking for uint8_t
configure:7164: clang -c -O3 -fPIC -std=c11 -Wall -pedantic -Wshadow -Wpointer-arith -Wmissing-prototypes -Wwrite-strings  conftest.c >&5
configure:7164: $? = 0
configure:7164: clang -c -O3 -fPIC -std=c11 -Wall -pedantic -Wshadow -Wpointer-arith -Wmissing-prototypes -Wwrite-strings  conftest.c >&5
conftest.c:64:22: error: expected expression
if (sizeof ((uint8_t)))
                     ^
1 error generated.
configure:7164: $? = 1
configure: failed program was:
| /* confdefs.h */
| #define PACKAGE_NAME "ICU"
| #define PACKAGE_TARNAME "International Components for Unicode"
| #define PACKAGE_VERSION "64.2"
| #define PACKAGE_STRING "ICU 64.2"
| #define PACKAGE_BUGREPORT "http://icu-project.org/bugs"
| #define PACKAGE_URL "http://icu-project.org"
| #define STDC_HEADERS 1
| #define HAVE_SYS_TYPES_H 1
| #define HAVE_SYS_STAT_H 1
| #define HAVE_STDLIB_H 1
| #define HAVE_STRING_H 1
| #define HAVE_MEMORY_H 1
| #define HAVE_STRINGS_H 1
| #define HAVE_INTTYPES_H 1
| #define HAVE_STDINT_H 1
| #define HAVE_UNISTD_H 1
| #define SIZEOF_VOID_P 8
| #define HAVE_LIBM 1
| #define HAVE_ELF_H 1
| #define HAVE_DLFCN_H 1
| #define HAVE_DLOPEN 1
| #define HAVE_GETTIMEOFDAY 1
| #define HAVE_LIBPTHREAD 1
| #define HAVE_INTTYPES_H 1
| #define HAVE_DIRENT_H 1
| /* end confdefs.h.  */
| #include <stdio.h>
| #ifdef HAVE_SYS_TYPES_H
| # include <sys/types.h>
| #endif
| #ifdef HAVE_SYS_STAT_H
| # include <sys/stat.h>
| #endif
| #ifdef STDC_HEADERS
| # include <stdlib.h>
| # include <stddef.h>
| #else
| # ifdef HAVE_STDLIB_H
| #  include <stdlib.h>
| # endif
| #endif
| #ifdef HAVE_STRING_H
| # if !defined STDC_HEADERS && defined HAVE_MEMORY_H
| #  include <memory.h>
| # endif
| # include <string.h>
| #endif
| #ifdef HAVE_STRINGS_H
| # include <strings.h>
| #endif
| #ifdef HAVE_INTTYPES_H
| # include <inttypes.h>
| #endif
| #ifdef HAVE_STDINT_H
| # include <stdint.h>
| #endif
| #ifdef HAVE_UNISTD_H
| # include <unistd.h>
| #endif
| int
| main ()
| {
| if (sizeof ((uint8_t)))
| 	    return 0;
|   ;
|   return 0;
| }
configure:7164: result: yes
configure:7175: checking for int16_t
configure:7175: clang -c -O3 -fPIC -std=c11 -Wall -pedantic -Wshadow -Wpointer-arith -Wmissing-prototypes -Wwrite-strings  conftest.c >&5
configure:7175: $? = 0
configure:7175: clang -c -O3 -fPIC -std=c11 -Wall -pedantic -Wshadow -Wpointer-arith -Wmissing-prototypes -Wwrite-strings  conftest.c >&5
conftest.c:64:22: error: expected expression
if (sizeof ((int16_t)))
                     ^
1 error generated.
configure:7175: $? = 1
configure: failed program was:
| /* confdefs.h */
| #define PACKAGE_NAME "ICU"
| #define PACKAGE_TARNAME "International Components for Unicode"
| #define PACKAGE_VERSION "64.2"
| #define PACKAGE_STRING "ICU 64.2"
| #define PACKAGE_BUGREPORT "http://icu-project.org/bugs"
| #define PACKAGE_URL "http://icu-project.org"
| #define STDC_HEADERS 1
| #define HAVE_SYS_TYPES_H 1
| #define HAVE_SYS_STAT_H 1
| #define HAVE_STDLIB_H 1
| #define HAVE_STRING_H 1
| #define HAVE_MEMORY_H 1
| #define HAVE_STRINGS_H 1
| #define HAVE_INTTYPES_H 1
| #define HAVE_STDINT_H 1
| #define HAVE_UNISTD_H 1
| #define SIZEOF_VOID_P 8
| #define HAVE_LIBM 1
| #define HAVE_ELF_H 1
| #define HAVE_DLFCN_H 1
| #define HAVE_DLOPEN 1
| #define HAVE_GETTIMEOFDAY 1
| #define HAVE_LIBPTHREAD 1
| #define HAVE_INTTYPES_H 1
| #define HAVE_DIRENT_H 1
| /* end confdefs.h.  */
| #include <stdio.h>
| #ifdef HAVE_SYS_TYPES_H
| # include <sys/types.h>
| #endif
| #ifdef HAVE_SYS_STAT_H
| # include <sys/stat.h>
| #endif
| #ifdef STDC_HEADERS
| # include <stdlib.h>
| # include <stddef.h>
| #else
| # ifdef HAVE_STDLIB_H
| #  include <stdlib.h>
| # endif
| #endif
| #ifdef HAVE_STRING_H
| # if !defined STDC_HEADERS && defined HAVE_MEMORY_H
| #  include <memory.h>
| # endif
| # include <string.h>
| #endif
| #ifdef HAVE_STRINGS_H
| # include <strings.h>
| #endif
| #ifdef HAVE_INTTYPES_H
| # include <inttypes.h>
| #endif
| #ifdef HAVE_STDINT_H
| # include <stdint.h>
| #endif
| #ifdef HAVE_UNISTD_H
| # include <unistd.h>
| #endif
| int
| main ()
| {
| if (sizeof ((int16_t)))
| 	    return 0;
|   ;
|   return 0;
| }
configure:7175: result: yes
configure:7186: checking for uint16_t
configure:7186: clang -c -O3 -fPIC -std=c11 -Wall -pedantic -Wshadow -Wpointer-arith -Wmissing-prototypes -Wwrite-strings  conftest.c >&5
configure:7186: $? = 0
configure:7186: clang -c -O3 -fPIC -std=c11 -Wall -pedantic -Wshadow -Wpointer-arith -Wmissing-prototypes -Wwrite-strings  conftest.c >&5
conftest.c:64:23: error: expected expression
if (sizeof ((uint16_t)))
                      ^
1 error generated.
configure:7186: $? = 1
configure: failed program was:
| /* confdefs.h */
| #define PACKAGE_NAME "ICU"
| #define PACKAGE_TARNAME "International Components for Unicode"
| #define PACKAGE_VERSION "64.2"
| #define PACKAGE_STRING "ICU 64.2"
| #define PACKAGE_BUGREPORT "http://icu-project.org/bugs"
| #define PACKAGE_URL "http://icu-project.org"
| #define STDC_HEADERS 1
| #define HAVE_SYS_TYPES_H 1
| #define HAVE_SYS_STAT_H 1
| #define HAVE_STDLIB_H 1
| #define HAVE_STRING_H 1
| #define HAVE_MEMORY_H 1
| #define HAVE_STRINGS_H 1
| #define HAVE_INTTYPES_H 1
| #define HAVE_STDINT_H 1
| #define HAVE_UNISTD_H 1
| #define SIZEOF_VOID_P 8
| #define HAVE_LIBM 1
| #define HAVE_ELF_H 1
| #define HAVE_DLFCN_H 1
| #define HAVE_DLOPEN 1
| #define HAVE_GETTIMEOFDAY 1
| #define HAVE_LIBPTHREAD 1
| #define HAVE_INTTYPES_H 1
| #define HAVE_DIRENT_H 1
| /* end confdefs.h.  */
| #include <stdio.h>
| #ifdef HAVE_SYS_TYPES_H
| # include <sys/types.h>
| #endif
| #ifdef HAVE_SYS_STAT_H
| # include <sys/stat.h>
| #endif
| #ifdef STDC_HEADERS
| # include <stdlib.h>
| # include <stddef.h>
| #else
| # ifdef HAVE_STDLIB_H
| #  include <stdlib.h>
| # endif
| #endif
| #ifdef HAVE_STRING_H
| # if !defined STDC_HEADERS && defined HAVE_MEMORY_H
| #  include <memory.h>
| # endif
| # include <string.h>
| #endif
| #ifdef HAVE_STRINGS_H
| # include <strings.h>
| #endif
| #ifdef HAVE_INTTYPES_H
| # include <inttypes.h>
| #endif
| #ifdef HAVE_STDINT_H
| # include <stdint.h>
| #endif
| #ifdef HAVE_UNISTD_H
| # include <unistd.h>
| #endif
| int
| main ()
| {
| if (sizeof ((uint16_t)))
| 	    return 0;
|   ;
|   return 0;
| }
configure:7186: result: yes
configure:7197: checking for int32_t
configure:7197: clang -c -O3 -fPIC -std=c11 -Wall -pedantic -Wshadow -Wpointer-arith -Wmissing-prototypes -Wwrite-strings  conftest.c >&5
configure:7197: $? = 0
configure:7197: clang -c -O3 -fPIC -std=c11 -Wall -pedantic -Wshadow -Wpointer-arith -Wmissing-prototypes -Wwrite-strings  conftest.c >&5
conftest.c:64:22: error: expected expression
if (sizeof ((int32_t)))
                     ^
1 error generated.
configure:7197: $? = 1
configure: failed program was:
| /* confdefs.h */
| #define PACKAGE_NAME "ICU"
| #define PACKAGE_TARNAME "International Components for Unicode"
| #define PACKAGE_VERSION "64.2"
| #define PACKAGE_STRING "ICU 64.2"
| #define PACKAGE_BUGREPORT "http://icu-project.org/bugs"
| #define PACKAGE_URL "http://icu-project.org"
| #define STDC_HEADERS 1
| #define HAVE_SYS_TYPES_H 1
| #define HAVE_SYS_STAT_H 1
| #define HAVE_STDLIB_H 1
| #define HAVE_STRING_H 1
| #define HAVE_MEMORY_H 1
| #define HAVE_STRINGS_H 1
| #define HAVE_INTTYPES_H 1
| #define HAVE_STDINT_H 1
| #define HAVE_UNISTD_H 1
| #define SIZEOF_VOID_P 8
| #define HAVE_LIBM 1
| #define HAVE_ELF_H 1
| #define HAVE_DLFCN_H 1
| #define HAVE_DLOPEN 1
| #define HAVE_GETTIMEOFDAY 1
| #define HAVE_LIBPTHREAD 1
| #define HAVE_INTTYPES_H 1
| #define HAVE_DIRENT_H 1
| /* end confdefs.h.  */
| #include <stdio.h>
| #ifdef HAVE_SYS_TYPES_H
| # include <sys/types.h>
| #endif
| #ifdef HAVE_SYS_STAT_H
| # include <sys/stat.h>
| #endif
| #ifdef STDC_HEADERS
| # include <stdlib.h>
| # include <stddef.h>
| #else
| # ifdef HAVE_STDLIB_H
| #  include <stdlib.h>
| # endif
| #endif
| #ifdef HAVE_STRING_H
| # if !defined STDC_HEADERS && defined HAVE_MEMORY_H
| #  include <memory.h>
| # endif
| # include <string.h>
| #endif
| #ifdef HAVE_STRINGS_H
| # include <strings.h>
| #endif
| #ifdef HAVE_INTTYPES_H
| # include <inttypes.h>
| #endif
| #ifdef HAVE_STDINT_H
| # include <stdint.h>
| #endif
| #ifdef HAVE_UNISTD_H
| # include <unistd.h>
| #endif
| int
| main ()
| {
| if (sizeof ((int32_t)))
| 	    return 0;
|   ;
|   return 0;
| }
configure:7197: result: yes
configure:7208: checking for uint32_t
configure:7208: clang -c -O3 -fPIC -std=c11 -Wall -pedantic -Wshadow -Wpointer-arith -Wmissing-prototypes -Wwrite-strings  conftest.c >&5
configure:7208: $? = 0
configure:7208: clang -c -O3 -fPIC -std=c11 -Wall -pedantic -Wshadow -Wpointer-arith -Wmissing-prototypes -Wwrite-strings  conftest.c >&5
conftest.c:64:23: error: expected expression
if (sizeof ((uint32_t)))
                      ^
1 error generated.
configure:7208: $? = 1
configure: failed program was:
| /* confdefs.h */
| #define PACKAGE_NAME "ICU"
| #define PACKAGE_TARNAME "International Components for Unicode"
| #define PACKAGE_VERSION "64.2"
| #define PACKAGE_STRING "ICU 64.2"
| #define PACKAGE_BUGREPORT "http://icu-project.org/bugs"
| #define PACKAGE_URL "http://icu-project.org"
| #define STDC_HEADERS 1
| #define HAVE_SYS_TYPES_H 1
| #define HAVE_SYS_STAT_H 1
| #define HAVE_STDLIB_H 1
| #define HAVE_STRING_H 1
| #define HAVE_MEMORY_H 1
| #define HAVE_STRINGS_H 1
| #define HAVE_INTTYPES_H 1
| #define HAVE_STDINT_H 1
| #define HAVE_UNISTD_H 1
| #define SIZEOF_VOID_P 8
| #define HAVE_LIBM 1
| #define HAVE_ELF_H 1
| #define HAVE_DLFCN_H 1
| #define HAVE_DLOPEN 1
| #define HAVE_GETTIMEOFDAY 1
| #define HAVE_LIBPTHREAD 1
| #define HAVE_INTTYPES_H 1
| #define HAVE_DIRENT_H 1
| /* end confdefs.h.  */
| #include <stdio.h>
| #ifdef HAVE_SYS_TYPES_H
| # include <sys/types.h>
| #endif
| #ifdef HAVE_SYS_STAT_H
| # include <sys/stat.h>
| #endif
| #ifdef STDC_HEADERS
| # include <stdlib.h>
| # include <stddef.h>
| #else
| # ifdef HAVE_STDLIB_H
| #  include <stdlib.h>
| # endif
| #endif
| #ifdef HAVE_STRING_H
| # if !defined STDC_HEADERS && defined HAVE_MEMORY_H
| #  include <memory.h>
| # endif
| # include <string.h>
| #endif
| #ifdef HAVE_STRINGS_H
| # include <strings.h>
| #endif
| #ifdef HAVE_INTTYPES_H
| # include <inttypes.h>
| #endif
| #ifdef HAVE_STDINT_H
| # include <stdint.h>
| #endif
| #ifdef HAVE_UNISTD_H
| # include <unistd.h>
| #endif
| int
| main ()
| {
| if (sizeof ((uint32_t)))
| 	    return 0;
|   ;
|   return 0;
| }
configure:7208: result: yes
configure:7219: checking for int64_t
configure:7219: clang -c -O3 -fPIC -std=c11 -Wall -pedantic -Wshadow -Wpointer-arith -Wmissing-prototypes -Wwrite-strings  conftest.c >&5
configure:7219: $? = 0
configure:7219: clang -c -O3 -fPIC -std=c11 -Wall -pedantic -Wshadow -Wpointer-arith -Wmissing-prototypes -Wwrite-strings  conftest.c >&5
conftest.c:64:22: error: expected expression
if (sizeof ((int64_t)))
                     ^
1 error generated.
configure:7219: $? = 1
configure: failed program was:
| /* confdefs.h */
| #define PACKAGE_NAME "ICU"
| #define PACKAGE_TARNAME "International Components for Unicode"
| #define PACKAGE_VERSION "64.2"
| #define PACKAGE_STRING "ICU 64.2"
| #define PACKAGE_BUGREPORT "http://icu-project.org/bugs"
| #define PACKAGE_URL "http://icu-project.org"
| #define STDC_HEADERS 1
| #define HAVE_SYS_TYPES_H 1
| #define HAVE_SYS_STAT_H 1
| #define HAVE_STDLIB_H 1
| #define HAVE_STRING_H 1
| #define HAVE_MEMORY_H 1
| #define HAVE_STRINGS_H 1
| #define HAVE_INTTYPES_H 1
| #define HAVE_STDINT_H 1
| #define HAVE_UNISTD_H 1
| #define SIZEOF_VOID_P 8
| #define HAVE_LIBM 1
| #define HAVE_ELF_H 1
| #define HAVE_DLFCN_H 1
| #define HAVE_DLOPEN 1
| #define HAVE_GETTIMEOFDAY 1
| #define HAVE_LIBPTHREAD 1
| #define HAVE_INTTYPES_H 1
| #define HAVE_DIRENT_H 1
| /* end confdefs.h.  */
| #include <stdio.h>
| #ifdef HAVE_SYS_TYPES_H
| # include <sys/types.h>
| #endif
| #ifdef HAVE_SYS_STAT_H
| # include <sys/stat.h>
| #endif
| #ifdef STDC_HEADERS
| # include <stdlib.h>
| # include <stddef.h>
| #else
| # ifdef HAVE_STDLIB_H
| #  include <stdlib.h>
| # endif
| #endif
| #ifdef HAVE_STRING_H
| # if !defined STDC_HEADERS && defined HAVE_MEMORY_H
| #  include <memory.h>
| # endif
| # include <string.h>
| #endif
| #ifdef HAVE_STRINGS_H
| # include <strings.h>
| #endif
| #ifdef HAVE_INTTYPES_H
| # include <inttypes.h>
| #endif
| #ifdef HAVE_STDINT_H
| # include <stdint.h>
| #endif
| #ifdef HAVE_UNISTD_H
| # include <unistd.h>
| #endif
| int
| main ()
| {
| if (sizeof ((int64_t)))
| 	    return 0;
|   ;
|   return 0;
| }
configure:7219: result: yes
configure:7230: checking for uint64_t
configure:7230: clang -c -O3 -fPIC -std=c11 -Wall -pedantic -Wshadow -Wpointer-arith -Wmissing-prototypes -Wwrite-strings  conftest.c >&5
configure:7230: $? = 0
configure:7230: clang -c -O3 -fPIC -std=c11 -Wall -pedantic -Wshadow -Wpointer-arith -Wmissing-prototypes -Wwrite-strings  conftest.c >&5
conftest.c:64:23: error: expected expression
if (sizeof ((uint64_t)))
                      ^
1 error generated.
configure:7230: $? = 1
configure: failed program was:
| /* confdefs.h */
| #define PACKAGE_NAME "ICU"
| #define PACKAGE_TARNAME "International Components for Unicode"
| #define PACKAGE_VERSION "64.2"
| #define PACKAGE_STRING "ICU 64.2"
| #define PACKAGE_BUGREPORT "http://icu-project.org/bugs"
| #define PACKAGE_URL "http://icu-project.org"
| #define STDC_HEADERS 1
| #define HAVE_SYS_TYPES_H 1
| #define HAVE_SYS_STAT_H 1
| #define HAVE_STDLIB_H 1
| #define HAVE_STRING_H 1
| #define HAVE_MEMORY_H 1
| #define HAVE_STRINGS_H 1
| #define HAVE_INTTYPES_H 1
| #define HAVE_STDINT_H 1
| #define HAVE_UNISTD_H 1
| #define SIZEOF_VOID_P 8
| #define HAVE_LIBM 1
| #define HAVE_ELF_H 1
| #define HAVE_DLFCN_H 1
| #define HAVE_DLOPEN 1
| #define HAVE_GETTIMEOFDAY 1
| #define HAVE_LIBPTHREAD 1
| #define HAVE_INTTYPES_H 1
| #define HAVE_DIRENT_H 1
| /* end confdefs.h.  */
| #include <stdio.h>
| #ifdef HAVE_SYS_TYPES_H
| # include <sys/types.h>
| #endif
| #ifdef HAVE_SYS_STAT_H
| # include <sys/stat.h>
| #endif
| #ifdef STDC_HEADERS
| # include <stdlib.h>
| # include <stddef.h>
| #else
| # ifdef HAVE_STDLIB_H
| #  include <stdlib.h>
| # endif
| #endif
| #ifdef HAVE_STRING_H
| # if !defined STDC_HEADERS && defined HAVE_MEMORY_H
| #  include <memory.h>
| # endif
| # include <string.h>
| #endif
| #ifdef HAVE_STRINGS_H
| # include <strings.h>
| #endif
| #ifdef HAVE_INTTYPES_H
| # include <inttypes.h>
| #endif
| #ifdef HAVE_STDINT_H
| # include <stdint.h>
| #endif
| #ifdef HAVE_UNISTD_H
| # include <unistd.h>
| #endif
| int
| main ()
| {
| if (sizeof ((uint64_t)))
| 	    return 0;
|   ;
|   return 0;
| }
configure:7230: result: yes
configure:7275: checking wchar.h usability
configure:7275: clang -c -O3 -fPIC -std=c11 -Wall -pedantic -Wshadow -Wpointer-arith -Wmissing-prototypes -Wwrite-strings  conftest.c >&5
configure:7275: $? = 0
configure:7275: result: yes
configure:7275: checking wchar.h presence
configure:7275: clang -E  conftest.c
configure:7275: $? = 0
configure:7275: result: yes
configure:7275: checking for wchar.h
configure:7275: result: yes
configure:7292: checking for library containing wcscpy
configure:7323: clang -o conftest -O3 -fPIC -std=c11 -Wall -pedantic -Wshadow -Wpointer-arith -Wmissing-prototypes -Wwrite-strings   conftest.c -lpthread -ldl -lm  >&5
configure:7323: $? = 0
configure:7340: result: none required
configure:7362: checking size of wchar_t
configure:7367: clang -o conftest -O3 -fPIC -std=c11 -Wall -pedantic -Wshadow -Wpointer-arith -Wmissing-prototypes -Wwrite-strings   conftest.c -lpthread -ldl -lm  >&5
configure:7367: $? = 0
configure:7367: ./conftest
configure:7367: $? = 0
configure:7390: result: 4
configure:7408: checking for UTF-16 string literal support
configure:7516: clang -c -O3 -fPIC -std=c11 -Wall -pedantic -Wshadow -Wpointer-arith -Wmissing-prototypes -Wwrite-strings  conftest.c >&5
conftest.c:31:29: warning: unused variable 'test' [-Wunused-const-variable]
static const unsigned short test[] = u"This is a UTF16 literal string.";
                            ^
1 warning generated.
configure:7516: $? = 0
configure:7547: clang++ -c -O3 -fPIC -W -Wall -pedantic -Wpointer-arith -Wwrite-strings -Wno-long-long -std=c++11  conftest.cpp >&5
conftest.cpp:31:23: warning: unused variable 'test' [-Wunused-const-variable]
static const char16_t test[] = u"This is a UTF16 literal string.";
                      ^
1 warning generated.
configure:7547: $? = 0
configure:7568: result: available
configure:7743: checking for a library suffix to use
configure:7757: result: none
configure:8039: creating ./config.status

## ---------------------- ##
## Running config.status. ##
## ---------------------- ##

This file was extended by ICU config.status 64.2, which was
generated by GNU Autoconf 2.69.  Invocation command line was

  CONFIG_FILES    = 
  CONFIG_HEADERS  = 
  CONFIG_LINKS    = 
  CONFIG_COMMANDS = 
  $ ./config.status 

on Maxim

config.status:893: creating icudefs.mk
config.status:893: creating Makefile
config.status:893: creating data/pkgdataMakefile
config.status:893: creating config/Makefile.inc
config.status:893: creating config/icu.pc
config.status:893: creating config/pkgdataMakefile
config.status:893: creating data/Makefile
config.status:893: creating stubdata/Makefile
config.status:893: creating common/Makefile
config.status:893: creating i18n/Makefile
config.status:893: creating layoutex/Makefile
config.status:893: creating io/Makefile
config.status:893: creating extra/Makefile
config.status:893: creating extra/uconv/Makefile
config.status:893: creating extra/uconv/pkgdataMakefile
config.status:893: creating extra/scrptrun/Makefile
config.status:893: creating tools/Makefile
config.status:893: creating tools/ctestfw/Makefile
config.status:893: creating tools/toolutil/Makefile
config.status:893: creating tools/makeconv/Makefile
config.status:893: creating tools/genrb/Makefile
config.status:893: creating tools/genccode/Makefile
config.status:893: creating tools/gencmn/Makefile
config.status:893: creating tools/gencnval/Makefile
config.status:893: creating tools/gendict/Makefile
config.status:893: creating tools/gentest/Makefile
config.status:893: creating tools/gennorm2/Makefile
config.status:893: creating tools/genbrk/Makefile
config.status:893: creating tools/gensprep/Makefile
config.status:893: creating tools/icuinfo/Makefile
config.status:893: creating tools/icupkg/Makefile
config.status:893: creating tools/icuswap/Makefile
config.status:893: creating tools/pkgdata/Makefile
config.status:893: creating tools/tzcode/Makefile
config.status:893: creating tools/gencfu/Makefile
config.status:893: creating tools/escapesrc/Makefile
config.status:893: creating test/Makefile
config.status:893: creating test/compat/Makefile
config.status:893: creating test/testdata/Makefile
config.status:893: creating test/testdata/pkgdataMakefile
config.status:893: creating test/hdrtst/Makefile
config.status:893: creating test/intltest/Makefile
config.status:893: creating test/cintltst/Makefile
config.status:893: creating test/iotest/Makefile
config.status:893: creating test/letest/Makefile
config.status:893: creating test/perf/Makefile
config.status:893: creating test/perf/collationperf/Makefile
config.status:893: creating test/perf/collperf/Makefile
config.status:893: creating test/perf/collperf2/Makefile
config.status:893: creating test/perf/dicttrieperf/Makefile
config.status:893: creating test/perf/ubrkperf/Makefile
config.status:893: creating test/perf/charperf/Makefile
config.status:893: creating test/perf/convperf/Makefile
config.status:893: creating test/perf/normperf/Makefile
config.status:893: creating test/perf/DateFmtPerf/Makefile
config.status:893: creating test/perf/howExpensiveIs/Makefile
config.status:893: creating test/perf/strsrchperf/Makefile
config.status:893: creating test/perf/unisetperf/Makefile
config.status:893: creating test/perf/usetperf/Makefile
config.status:893: creating test/perf/ustrperf/Makefile
config.status:893: creating test/perf/utfperf/Makefile
config.status:893: creating test/perf/utrie2perf/Makefile
config.status:893: creating test/perf/leperf/Makefile
config.status:893: creating samples/Makefile
config.status:893: creating samples/date/Makefile
config.status:893: creating samples/cal/Makefile
config.status:893: creating samples/layout/Makefile
configure:9170: checking the version of "make"
configure:9173: result: ok

## ---------------- ##
## Cache variables. ##
## ---------------- ##

ac_cv_build=x86_64-pc-linux-gnu
ac_cv_c_bigendian=no
ac_cv_c_compiler_gnu=yes
ac_cv_cxx_compiler_gnu=yes
ac_cv_env_CCC_set=
ac_cv_env_CCC_value=
ac_cv_env_CC_set=
ac_cv_env_CC_value=
ac_cv_env_CFLAGS_set=set
ac_cv_env_CFLAGS_value='-O3 -fPIC'
ac_cv_env_CPPFLAGS_set=
ac_cv_env_CPPFLAGS_value=
ac_cv_env_CPP_set=
ac_cv_env_CPP_value=
ac_cv_env_CXXFLAGS_set=set
ac_cv_env_CXXFLAGS_value='-O3 -fPIC'
ac_cv_env_CXX_set=
ac_cv_env_CXX_value=
ac_cv_env_ICULEHB_CFLAGS_set=
ac_cv_env_ICULEHB_CFLAGS_value=
ac_cv_env_ICULEHB_LIBS_set=
ac_cv_env_ICULEHB_LIBS_value=
ac_cv_env_LDFLAGS_set=
ac_cv_env_LDFLAGS_value=
ac_cv_env_LIBS_set=
ac_cv_env_LIBS_value=
ac_cv_env_PKG_CONFIG_LIBDIR_set=
ac_cv_env_PKG_CONFIG_LIBDIR_value=
ac_cv_env_PKG_CONFIG_PATH_set=set
ac_cv_env_PKG_CONFIG_PATH_value=/home/auxten/.gvm/pkgsets/go1.11/global/overlay/lib/pkgconfig:
ac_cv_env_PKG_CONFIG_set=
ac_cv_env_PKG_CONFIG_value=
ac_cv_env_build_alias_set=
ac_cv_env_build_alias_value=
ac_cv_env_host_alias_set=
ac_cv_env_host_alias_value=
ac_cv_env_target_alias_set=
ac_cv_env_target_alias_value=
ac_cv_func_dlopen=yes
ac_cv_func_gettimeofday=yes
ac_cv_func_mmap_ok=yes
ac_cv_func_nl_langinfo=yes
ac_cv_func_popen=yes
ac_cv_func_strtod_l=yes
ac_cv_func_tzset=yes
ac_cv_header_dirent_h=yes
ac_cv_header_dlfcn_h=yes
ac_cv_header_elf_h=yes
ac_cv_header_inttypes_h=yes
ac_cv_header_memory_h=yes
ac_cv_header_stdc=yes
ac_cv_header_stdint_h=yes
ac_cv_header_stdlib_h=yes
ac_cv_header_string_h=yes
ac_cv_header_strings_h=yes
ac_cv_header_sys_stat_h=yes
ac_cv_header_sys_types_h=yes
ac_cv_header_unistd_h=yes
ac_cv_header_wchar_h=yes
ac_cv_header_xlocale_h=no
ac_cv_host=x86_64-pc-linux-gnu
ac_cv_lib_m_floor=yes
ac_cv_lib_pthread_pthread_attr_init=yes
ac_cv_namespace_ok=yes
ac_cv_nl_langinfo_codeset=CODESET
ac_cv_objext=o
ac_cv_override_cxx_allocation_ok=yes
ac_cv_override_placement_new_ok=yes
ac_cv_path_DOXYGEN=/usr/bin/doxygen
ac_cv_path_EGREP='/bin/grep -E'
ac_cv_path_GREP=/bin/grep
ac_cv_path_SED=/bin/sed
ac_cv_path_ac_pt_PKG_CONFIG=/usr/bin/pkg-config
ac_cv_path_install='/usr/bin/install -c'
ac_cv_prog_CPP='clang -E'
ac_cv_prog_PYTHON=python3
ac_cv_prog_ac_ct_AR=ar
ac_cv_prog_ac_ct_CC=clang
ac_cv_prog_ac_ct_CXX=clang++
ac_cv_prog_ac_ct_RANLIB=ranlib
ac_cv_prog_cc_c89=
ac_cv_prog_cc_g=yes
ac_cv_prog_cxx_g=yes
ac_cv_search_dlopen=-ldl
ac_cv_search_wcscpy='none required'
ac_cv_sizeof_void_p=8
ac_cv_sizeof_wchar_t=4
ac_cv_type_int16_t=yes
ac_cv_type_int32_t=yes
ac_cv_type_int64_t=yes
ac_cv_type_int8_t=yes
ac_cv_type_uint16_t=yes
ac_cv_type_uint32_t=yes
ac_cv_type_uint64_t=yes
ac_cv_type_uint8_t=yes
ac_cv_var_timezone=yes
ac_cv_var_tzname=yes
icu_cv_host_frag=mh-linux
pkg_cv_ICULEHB_CFLAGS='-I/usr/include/icu-le-hb -I/usr/include/harfbuzz -I/usr/include/glib-2.0 -I/usr/lib/x86_64-linux-gnu/glib-2.0/include'
pkg_cv_ICULEHB_LIBS=-licu-le-hb

## ----------------- ##
## Output variables. ##
## ----------------- ##

AR='ar'
ARFLAGS=''
CC='clang'
CFLAGS='-O3 -fPIC -std=c11 -Wall -pedantic -Wshadow -Wpointer-arith -Wmissing-prototypes -Wwrite-strings $(THREADSCFLAGS) -Qunused-arguments -Wno-parentheses-equality'
COMPILE_LINK_ENVVAR=''
CPP='clang -E'
CPPFLAGS=' $(THREADSCPPFLAGS)  -DU_HAVE_ELF_H=1 -DU_HAVE_STRTOD_L=1 -DU_HAVE_XLOCALE_H=0 '
CXX='clang++'
CXXFLAGS='-O3 -fPIC -W -Wall -pedantic -Wpointer-arith -Wwrite-strings -Wno-long-long -std=c++11 $(THREADSCXXFLAGS) -Qunused-arguments -Wno-parentheses-equality'
DATA_PACKAGING_MODE='dll'
DEFS='-DPACKAGE_NAME=\"ICU\" -DPACKAGE_TARNAME=\"International\ Components\ for\ Unicode\" -DPACKAGE_VERSION=\"64.2\" -DPACKAGE_STRING=\"ICU\ 64.2\" -DPACKAGE_BUGREPORT=\"http://icu-project.org/bugs\" -DPACKAGE_URL=\"http://icu-project.org\" -DSTDC_HEADERS=1 -DHAVE_SYS_TYPES_H=1 -DHAVE_SYS_STAT_H=1 -DHAVE_STDLIB_H=1 -DHAVE_STRING_H=1 -DHAVE_MEMORY_H=1 -DHAVE_STRINGS_H=1 -DHAVE_INTTYPES_H=1 -DHAVE_STDINT_H=1 -DHAVE_UNISTD_H=1 -DSIZEOF_VOID_P=8 -DHAVE_LIBM=1 -DHAVE_ELF_H=1 -DHAVE_DLFCN_H=1 -DHAVE_DLOPEN=1 -DHAVE_GETTIMEOFDAY=1 -DHAVE_LIBPTHREAD=1 -DHAVE_INTTYPES_H=1 -DHAVE_DIRENT_H=1 -DHAVE_WCHAR_H=1 -DSIZEOF_WCHAR_T=4'
DOXYGEN='/usr/bin/doxygen'
ECHO_C=''
ECHO_N='-n'
ECHO_T=''
EGREP='/bin/grep -E'
ENABLE_DEBUG='0'
ENABLE_RELEASE='1'
ENABLE_RPATH='NO'
ENABLE_SHARED='YES'
ENABLE_STATIC='YES'
EXEEXT=''
EXTRAS_TRUE=''
GENCCODE_ASSEMBLY='-a gcc'
GREP='/bin/grep'
HAVE_MMAP='1'
ICUDATA_CHAR='l'
ICUIO_TRUE=''
ICULEHB_CFLAGS='-I/usr/include/icu-le-hb -I/usr/include/harfbuzz -I/usr/include/glib-2.0 -I/usr/lib/x86_64-linux-gnu/glib-2.0/include'
ICULEHB_LIBS='-licu-le-hb'
ICULIBSUFFIX=''
ICULIBSUFFIXCNAME=''
ICU_ECHO_C=''
ICU_ECHO_N='-n'
ICU_ECHO_T=''
INSTALL_DATA='${INSTALL} -m 644'
INSTALL_ICU_CONFIG='true'
INSTALL_PROGRAM='${INSTALL}'
INSTALL_SCRIPT='${INSTALL}'
LAYOUTEX_TRUE=''
LDFLAGS=''
LIBCFLAGS=''
LIBCXXFLAGS=''
LIBOBJS=''
LIBS='-lpthread -ldl -lm '
LIB_M=''
LIB_THREAD=''
LIB_VERSION='64.2'
LIB_VERSION_MAJOR='64'
LTLIBOBJS=''
OBJEXT='o'
PACKAGE='icu'
PACKAGE_BUGREPORT='http://icu-project.org/bugs'
PACKAGE_NAME='ICU'
PACKAGE_STRING='ICU 64.2'
PACKAGE_TARNAME='International Components for Unicode'
PACKAGE_URL='http://icu-project.org'
PACKAGE_VERSION='64.2'
PATH_SEPARATOR=':'
PKG_CONFIG='/usr/bin/pkg-config'
PKG_CONFIG_LIBDIR=''
PKG_CONFIG_PATH='/home/auxten/.gvm/pkgsets/go1.11/global/overlay/lib/pkgconfig:'
PLUGINS_TRUE='#'
PYTHON='python3'
RANLIB='ranlib'
SAMPLES_TRUE=''
SED='/bin/sed'
SHELL='/bin/bash'
TESTS_TRUE=''
TOOLS_TRUE=''
UCLN_NO_AUTO_CLEANUP='1'
UCONFIG_CFLAGS=''
UCONFIG_CPPFLAGS=''
UCONFIG_CXXFLAGS=' -std=c++11'
UNICODE_VERSION='12.1'
U_DEFAULT_SHOW_DRAFT='1'
U_DISABLE_RENAMING='0'
U_ENABLE_DYLOAD='1'
U_ENABLE_TRACING='0'
U_HAVE_DIRENT_H='1'
U_HAVE_EXTRAS='1'
U_HAVE_ICUIO='1'
U_HAVE_INTTYPES_H='1'
U_HAVE_LAYOUTEX='1'
U_HAVE_LIB_SUFFIX='0'
U_HAVE_NL_LANGINFO_CODESET='1'
U_HAVE_PLACEMENT_NEW='1'
U_HAVE_PLUGINS='0'
U_HAVE_POPEN='1'
U_HAVE_SAMPLES='1'
U_HAVE_STRTOD_L='1'
U_HAVE_TESTS='1'
U_HAVE_TIMEZONE='1'
U_HAVE_TOOLS='1'
U_HAVE_TZNAME='1'
U_HAVE_TZSET='1'
U_HAVE_WCHAR_H='1'
U_HAVE_WCSCPY='1'
U_IS_BIG_ENDIAN='0'
U_MAKE='make'
U_NL_LANGINFO_CODESET='CODESET'
U_OVERRIDE_CXX_ALLOCATION='1'
U_TIMEZONE='timezone'
U_TZNAME='tzname'
U_TZSET='tzset'
VERSION='64.2'
ac_ct_CC='clang'
ac_ct_CXX='clang++'
bindir='${exec_prefix}/bin'
build='x86_64-pc-linux-gnu'
build_alias=''
build_cpu='x86_64'
build_os='linux-gnu'
build_vendor='pc'
cross_buildroot=''
cross_compiling='no'
datadir='${datarootdir}'
datarootdir='${prefix}/share'
docdir='${datarootdir}/doc/${PACKAGE_TARNAME}'
dvidir='${docdir}'
exec_prefix='${prefix}'
host='x86_64-pc-linux-gnu'
host_alias=''
host_cpu='x86_64'
host_os='linux-gnu'
host_vendor='pc'
htmldir='${docdir}'
includedir='${prefix}/include'
infodir='${datarootdir}/info'
libdir='${exec_prefix}/lib'
libexecdir='${exec_prefix}/libexec'
localedir='${datarootdir}/locale'
localstatedir='${prefix}/var'
mandir='${datarootdir}/man'
oldincludedir='/usr/include'
pdfdir='${docdir}'
pkgicudatadir='${datarootdir}'
platform='U_LINUX'
platform_make_fragment='$(top_srcdir)/config/mh-linux'
platform_make_fragment_name='mh-linux'
prefix='/home/auxten/libicu/icu/source/../libicu'
program_transform_name='s,x,x,'
psdir='${docdir}'
sbindir='${exec_prefix}/sbin'
sharedstatedir='${prefix}/com'
sysconfdir='${prefix}/etc'
target_alias=''
thepkgicudatadir='${prefix}/share'

## ----------- ##
## confdefs.h. ##
## ----------- ##

/* confdefs.h */
#define PACKAGE_NAME "ICU"
#define PACKAGE_TARNAME "International Components for Unicode"
#define PACKAGE_VERSION "64.2"
#define PACKAGE_STRING "ICU 64.2"
#define PACKAGE_BUGREPORT "http://icu-project.org/bugs"
#define PACKAGE_URL "http://icu-project.org"
#define STDC_HEADERS 1
#define HAVE_SYS_TYPES_H 1
#define HAVE_SYS_STAT_H 1
#define HAVE_STDLIB_H 1
#define HAVE_STRING_H 1
#define HAVE_MEMORY_H 1
#define HAVE_STRINGS_H 1
#define HAVE_INTTYPES_H 1
#define HAVE_STDINT_H 1
#define HAVE_UNISTD_H 1
#define SIZEOF_VOID_P 8
#define HAVE_LIBM 1
#define HAVE_ELF_H 1
#define HAVE_DLFCN_H 1
#define HAVE_DLOPEN 1
#define HAVE_GETTIMEOFDAY 1
#define HAVE_LIBPTHREAD 1
#define HAVE_INTTYPES_H 1
#define HAVE_DIRENT_H 1
#define HAVE_WCHAR_H 1
#define SIZEOF_WCHAR_T 4

configure: exit 0

## ---------------------- ##
## Running config.status. ##
## ---------------------- ##

This file was extended by ICU config.status 64.2, which was
generated by GNU Autoconf 2.69.  Invocation command line was

  CONFIG_FILES    = extra/uconv/uconv.1
  CONFIG_HEADERS  = 
  CONFIG_LINKS    = 
  CONFIG_COMMANDS = 
  $ ./config.status 

on Maxim

config.status:893: creating extra/uconv/uconv.1

## ---------------------- ##
## Running config.status. ##
## ---------------------- ##

This file was extended by ICU config.status 64.2, which was
generated by GNU Autoconf 2.69.  Invocation command line was

  CONFIG_FILES    = common/Makefile
  CONFIG_HEADERS  = 
  CONFIG_LINKS    = 
  CONFIG_COMMANDS = 
  $ ./config.status 

on Maxim

config.status:893: creating common/Makefile
